<?xml version="1.0" encoding="UTF-8"?>
<testng-results skipped="0" failed="0" total="1" passed="1">
  <reporter-output>
  </reporter-output>
  <suite name="Default suite" duration-ms="121996" started-at="2020-02-21T10:10:19Z" finished-at="2020-02-21T10:12:21Z">
    <groups>
    </groups>
    <test name="Default test" duration-ms="121996" started-at="2020-02-21T10:10:19Z" finished-at="2020-02-21T10:12:21Z">
      <class name="SeleniumPractice.NewTest1">
        <test-method status="PASS" signature="BrowserOpen()[pri:0, instance:SeleniumPractice.NewTest1@675d3402]" name="BrowserOpen" is-config="true" duration-ms="9014" started-at="2020-02-21T15:40:19Z" finished-at="2020-02-21T15:40:28Z">
          <reporter-output>
          </reporter-output>
        </test-method> <!-- BrowserOpen -->
        <test-method status="PASS" signature="Login()[pri:0, instance:SeleniumPractice.NewTest1@675d3402]" name="Login" duration-ms="110983" started-at="2020-02-21T15:40:28Z" finished-at="2020-02-21T15:42:19Z">
          <reporter-output>
          </reporter-output>
        </test-method> <!-- Login -->
        <test-method status="PASS" signature="afterClass()[pri:0, instance:SeleniumPractice.NewTest1@675d3402]" name="afterClass" is-config="true" duration-ms="1933" started-at="2020-02-21T15:42:19Z" finished-at="2020-02-21T15:42:21Z">
          <reporter-output>
          </reporter-output>
        </test-method> <!-- afterClass -->
      </class> <!-- SeleniumPractice.NewTest1 -->
    </test> <!-- Default test -->
  </suite> <!-- Default suite -->
</testng-results>
